 Provided mpi thread support level:  1
 Reading: test_4.nml                                                                      
 Testno:  10
 HYDRO_MPI.INIT_MPI || I am rank  7  of  16 and I communicate with 3,  11,  6,  -1
 Starting time integration, nx =  256  ny =  1024
step=     0 t= 0.000E+00 dt= 0.000E+00
 Outputting array of size= 256,  1024,  4
 Outputting array of size= 256,  1024,  4
 Temps CPU (s.)     :  7.9966980000000003
 Temps elapsed (s.) :  1.1256608963012695
 Provided mpi thread support level:  1
 Reading: test_4.nml                                                                      
 Testno:  10
 HYDRO_MPI.INIT_MPI || I am rank  13  of  16 and I communicate with 9,  -1,  12,  14
 Starting time integration, nx =  256  ny =  1024
step=     0 t= 0.000E+00 dt= 0.000E+00
 Outputting array of size= 256,  1024,  4
 Outputting array of size= 256,  1024,  4
 Temps CPU (s.)     :  9.0274070000000002
 Temps elapsed (s.) :  1.1260664463043213
 Provided mpi thread support level:  1
 Reading: test_4.nml                                                                      
 Testno:  10
 HYDRO_MPI.INIT_MPI || I am rank  0  of  16 and I communicate with -1,  4,  -1,  1
 Starting time integration, nx =  256  ny =  1024
step=     0 t= 0.000E+00 dt= 0.000E+00
 Outputting array of size= 256,  1024,  4
 Outputting array of size= 256,  1024,  4
 Temps CPU (s.)     :  7.996556
 Temps elapsed (s.) :  1.1146887540817261
 Provided mpi thread support level:  1
 Reading: test_4.nml                                                                      
 Testno:  10
 HYDRO_MPI.INIT_MPI || I am rank  14  of  16 and I communicate with 10,  -1,  13,  15
 Starting time integration, nx =  256  ny =  1024
step=     0 t= 0.000E+00 dt= 0.000E+00
 Outputting array of size= 256,  1024,  4
 Outputting array of size= 256,  1024,  4
 Temps CPU (s.)     :  8.0509800000000009
 Temps elapsed (s.) :  1.1151801347732544
 Provided mpi thread support level:  1
 Reading: test_4.nml                                                                      
 Testno:  10
 HYDRO_MPI.INIT_MPI || I am rank  6  of  16 and I communicate with 2,  10,  5,  7
 Starting time integration, nx =  256  ny =  1024
step=     0 t= 0.000E+00 dt= 0.000E+00
 Outputting array of size= 256,  1024,  4
 Outputting array of size= 256,  1024,  4
 Temps CPU (s.)     :  8.0504499999999997
 Temps elapsed (s.) :  1.1266902685165405
 Provided mpi thread support level:  1
 Reading: test_4.nml                                                                      
 Testno:  10
 HYDRO_MPI.INIT_MPI || I am rank  8  of  16 and I communicate with 4,  12,  -1,  9
 Starting time integration, nx =  256  ny =  1024
step=     0 t= 0.000E+00 dt= 0.000E+00
 Outputting array of size= 256,  1024,  4
 Outputting array of size= 256,  1024,  4
 Temps CPU (s.)     :  7.8492440000000006
 Temps elapsed (s.) :  1.1263159513473511
 Provided mpi thread support level:  1
 Reading: test_4.nml                                                                      
 Testno:  10
 HYDRO_MPI.INIT_MPI || I am rank  10  of  16 and I communicate with 6,  14,  9,  11
 Starting time integration, nx =  256  ny =  1024
step=     0 t= 0.000E+00 dt= 0.000E+00
 Outputting array of size= 256,  1024,  4
 Outputting array of size= 256,  1024,  4
 Temps CPU (s.)     :  8.0886010000000006
 Temps elapsed (s.) :  1.1274232864379883
 Provided mpi thread support level:  1
 Reading: test_4.nml                                                                      
 Testno:  10
 HYDRO_MPI.INIT_MPI || I am rank  5  of  16 and I communicate with 1,  9,  4,  6
 Starting time integration, nx =  256  ny =  1024
step=     0 t= 0.000E+00 dt= 0.000E+00
 Outputting array of size= 256,  1024,  4
 Outputting array of size= 256,  1024,  4
 Temps CPU (s.)     :  8.1919729999999991
 Temps elapsed (s.) :  1.1152892112731934
 Provided mpi thread support level:  1
 Reading: test_4.nml                                                                      
 Testno:  10
 HYDRO_MPI.INIT_MPI || I am rank  4  of  16 and I communicate with 0,  8,  -1,  5
 Starting time integration, nx =  256  ny =  1024
step=     0 t= 0.000E+00 dt= 0.000E+00
 Outputting array of size= 256,  1024,  4
 Outputting array of size= 256,  1024,  4
 Temps CPU (s.)     :  8.2966910000000009
 Temps elapsed (s.) :  1.1228770017623901
 Provided mpi thread support level:  1
 Reading: test_4.nml                                                                      
 Testno:  10
 HYDRO_MPI.INIT_MPI || I am rank  15  of  16 and I communicate with 11,  -1,  14,  -1
 Starting time integration, nx =  256  ny =  1024
step=     0 t= 0.000E+00 dt= 0.000E+00
 Outputting array of size= 256,  1024,  4
 Outputting array of size= 256,  1024,  4
 Temps CPU (s.)     :  9.1252200000000006
 Temps elapsed (s.) :  1.1253100633621216
 Provided mpi thread support level:  1
 Reading: test_4.nml                                                                      
 Testno:  10
 HYDRO_MPI.INIT_MPI || I am rank  3  of  16 and I communicate with -1,  7,  2,  -1
 Starting time integration, nx =  256  ny =  1024
step=     0 t= 0.000E+00 dt= 0.000E+00
 Outputting array of size= 256,  1024,  4
 Outputting array of size= 256,  1024,  4
 Temps CPU (s.)     :  8.0041939999999983
 Temps elapsed (s.) :  1.1278132200241089
 Provided mpi thread support level:  1
 Reading: test_4.nml                                                                      
 Testno:  10
 HYDRO_MPI.INIT_MPI || I am rank  1  of  16 and I communicate with -1,  5,  0,  2
 Starting time integration, nx =  256  ny =  1024
step=     0 t= 0.000E+00 dt= 0.000E+00
 Outputting array of size= 256,  1024,  4
 Outputting array of size= 256,  1024,  4
 Temps CPU (s.)     :  8.2704579999999996
 Temps elapsed (s.) :  1.1262848377227783
 Provided mpi thread support level:  1
 Reading: test_4.nml                                                                      
 Testno:  10
 HYDRO_MPI.INIT_MPI || I am rank  2  of  16 and I communicate with -1,  6,  1,  3
 Starting time integration, nx =  256  ny =  1024
step=     0 t= 0.000E+00 dt= 0.000E+00
 Outputting array of size= 256,  1024,  4
 Outputting array of size= 256,  1024,  4
 Temps CPU (s.)     :  8.2248840000000012
 Temps elapsed (s.) :  1.1293963193893433
 Provided mpi thread support level:  1
 Reading: test_4.nml                                                                      
 Testno:  10
 HYDRO_MPI.INIT_MPI || I am rank  11  of  16 and I communicate with 7,  15,  10,  -1
 Starting time integration, nx =  256  ny =  1024
step=     0 t= 0.000E+00 dt= 0.000E+00
 Outputting array of size= 256,  1024,  4
 Outputting array of size= 256,  1024,  4
 Temps CPU (s.)     :  8.0808959999999992
 Temps elapsed (s.) :  1.1270256042480469
 Provided mpi thread support level:  1
 Reading: test_4.nml                                                                      
 Testno:  10
 HYDRO_MPI.INIT_MPI || I am rank  12  of  16 and I communicate with 8,  2*-1,  13
 Starting time integration, nx =  256  ny =  1024
step=     0 t= 0.000E+00 dt= 0.000E+00
 Outputting array of size= 256,  1024,  4
 Outputting array of size= 256,  1024,  4
 Temps CPU (s.)     :  7.994802
 Temps elapsed (s.) :  1.1227834224700928
 Provided mpi thread support level:  1
 Reading: test_4.nml                                                                      
 Testno:  10
 HYDRO_MPI.INIT_MPI || I am rank  9  of  16 and I communicate with 5,  13,  8,  10
 Starting time integration, nx =  256  ny =  1024
step=     0 t= 0.000E+00 dt= 0.000E+00
 Outputting array of size= 256,  1024,  4
 Outputting array of size= 256,  1024,  4
 Temps CPU (s.)     :  8.0470810000000004
 Temps elapsed (s.) :  1.1260040998458862
