 Provided mpi thread support level:  1
 Reading: test.nml                                                                        
 Testno:  3
 HYDRO_MPI.INIT_MPI || I am rank  1  of  8 and I communicate with -1,  3,  0,  -1
 Starting time integration, nx =  256  ny =  512
step=     0 t= 0.000E+00 dt= 0.000E+00
 Outputting array of size= 256,  512,  4
 Outputting array of size= 256,  512,  4
 Temps CPU (s.)     :  1.1454750000000002
 Temps elapsed (s.) :  0.27619820833206177
 Provided mpi thread support level:  1
 Reading: test.nml                                                                        
 Testno:  3
 HYDRO_MPI.INIT_MPI || I am rank  4  of  8 and I communicate with 2,  6,  -1,  5
 Starting time integration, nx =  256  ny =  512
step=     0 t= 0.000E+00 dt= 0.000E+00
 Outputting array of size= 256,  512,  4
 Outputting array of size= 256,  512,  4
 Temps CPU (s.)     :  1.9617760000000002
 Temps elapsed (s.) :  0.27654913067817688
 Provided mpi thread support level:  1
 Reading: test.nml                                                                        
 Testno:  3
 HYDRO_MPI.INIT_MPI || I am rank  0  of  8 and I communicate with -1,  2,  -1,  1
 Starting time integration, nx =  256  ny =  512
step=     0 t= 0.000E+00 dt= 0.000E+00
 Outputting array of size= 256,  512,  4
 Outputting array of size= 256,  512,  4
 Temps CPU (s.)     :  1.0588839999999999
 Temps elapsed (s.) :  0.26250448822975159
 Provided mpi thread support level:  1
 Reading: test.nml                                                                        
 Testno:  3
 HYDRO_MPI.INIT_MPI || I am rank  3  of  8 and I communicate with 1,  5,  2,  -1
 Starting time integration, nx =  256  ny =  512
step=     0 t= 0.000E+00 dt= 0.000E+00
 Outputting array of size= 256,  512,  4
 Outputting array of size= 256,  512,  4
 Temps CPU (s.)     :  1.4014139999999999
 Temps elapsed (s.) :  0.27484911680221558
 Provided mpi thread support level:  1
 Reading: test.nml                                                                        
 Testno:  3
 HYDRO_MPI.INIT_MPI || I am rank  6  of  8 and I communicate with 4,  2*-1,  7
 Starting time integration, nx =  256  ny =  512
step=     0 t= 0.000E+00 dt= 0.000E+00
 Outputting array of size= 256,  512,  4
 Outputting array of size= 256,  512,  4
 Temps CPU (s.)     :  1.6039060000000001
 Temps elapsed (s.) :  0.26960089802742004
 Provided mpi thread support level:  1
 Reading: test.nml                                                                        
 Testno:  3
 HYDRO_MPI.INIT_MPI || I am rank  2  of  8 and I communicate with 0,  4,  -1,  3
 Starting time integration, nx =  256  ny =  512
step=     0 t= 0.000E+00 dt= 0.000E+00
 Outputting array of size= 256,  512,  4
 Outputting array of size= 256,  512,  4
 Temps CPU (s.)     :  1.0771899999999999
 Temps elapsed (s.) :  0.27144128084182739
 Provided mpi thread support level:  1
 Reading: test.nml                                                                        
 Testno:  3
 HYDRO_MPI.INIT_MPI || I am rank  7  of  8 and I communicate with 5,  -1,  6,  -1
 Starting time integration, nx =  256  ny =  512
step=     0 t= 0.000E+00 dt= 0.000E+00
 Outputting array of size= 256,  512,  4
 Outputting array of size= 256,  512,  4
 Temps CPU (s.)     :  0.90795599999999999
 Temps elapsed (s.) :  0.26520267128944397
 Provided mpi thread support level:  1
 Reading: test.nml                                                                        
 Testno:  3
 HYDRO_MPI.INIT_MPI || I am rank  5  of  8 and I communicate with 3,  7,  4,  -1
 Starting time integration, nx =  256  ny =  512
step=     0 t= 0.000E+00 dt= 0.000E+00
 Outputting array of size= 256,  512,  4
 Outputting array of size= 256,  512,  4
 Temps CPU (s.)     :  0.93055200000000005
 Temps elapsed (s.) :  0.33270427584648132
