 Provided mpi thread support level:  1
 Reading: test_5.nml                                                                      
 Testno:  11
 HYDRO_MPI.INIT_MPI || I am rank  29  of  32 and I communicate with 25,  -1,  28,  30
 Starting time integration, nx =  128  ny =  2048
step=     0 t= 0.000E+00 dt= 0.000E+00
 Outputting array of size= 128,  2048,  4
 Outputting array of size= 128,  2048,  4
 Temps CPU (s.)     :  11.475308999999999
 Temps elapsed (s.) :  3.9001669883728027
 Provided mpi thread support level:  1
 Reading: test_5.nml                                                                      
 Testno:  11
 HYDRO_MPI.INIT_MPI || I am rank  6  of  32 and I communicate with 2,  10,  5,  7
 Starting time integration, nx =  128  ny =  2048
step=     0 t= 0.000E+00 dt= 0.000E+00
 Outputting array of size= 128,  2048,  4
 Outputting array of size= 128,  2048,  4
 Temps CPU (s.)     :  11.487217000000001
 Temps elapsed (s.) :  3.9023895263671875
 Provided mpi thread support level:  1
 Reading: test_5.nml                                                                      
 Testno:  11
 HYDRO_MPI.INIT_MPI || I am rank  3  of  32 and I communicate with -1,  7,  2,  -1
 Starting time integration, nx =  128  ny =  2048
step=     0 t= 0.000E+00 dt= 0.000E+00
 Outputting array of size= 128,  2048,  4
 Outputting array of size= 128,  2048,  4
 Temps CPU (s.)     :  11.330271999999999
 Temps elapsed (s.) :  3.9007129669189453
 Provided mpi thread support level:  1
 Reading: test_5.nml                                                                      
 Testno:  11
 HYDRO_MPI.INIT_MPI || I am rank  16  of  32 and I communicate with 12,  20,  -1,  17
 Starting time integration, nx =  128  ny =  2048
step=     0 t= 0.000E+00 dt= 0.000E+00
 Outputting array of size= 128,  2048,  4
 Outputting array of size= 128,  2048,  4
 Temps CPU (s.)     :  11.735695
 Temps elapsed (s.) :  3.8604350090026855
 Provided mpi thread support level:  1
 Reading: test_5.nml                                                                      
 Testno:  11
 HYDRO_MPI.INIT_MPI || I am rank  12  of  32 and I communicate with 8,  16,  -1,  13
 Starting time integration, nx =  128  ny =  2048
step=     0 t= 0.000E+00 dt= 0.000E+00
 Outputting array of size= 128,  2048,  4
 Outputting array of size= 128,  2048,  4
 Temps CPU (s.)     :  11.682668
 Temps elapsed (s.) :  3.9019684791564941
 Provided mpi thread support level:  1
 Reading: test_5.nml                                                                      
 Testno:  11
 HYDRO_MPI.INIT_MPI || I am rank  5  of  32 and I communicate with 1,  9,  4,  6
 Starting time integration, nx =  128  ny =  2048
step=     0 t= 0.000E+00 dt= 0.000E+00
 Outputting array of size= 128,  2048,  4
 Outputting array of size= 128,  2048,  4
 Temps CPU (s.)     :  11.413739
 Temps elapsed (s.) :  3.8665487766265869
 Provided mpi thread support level:  1
 Reading: test_5.nml                                                                      
 Testno:  11
 HYDRO_MPI.INIT_MPI || I am rank  19  of  32 and I communicate with 15,  23,  18,  -1
 Starting time integration, nx =  128  ny =  2048
step=     0 t= 0.000E+00 dt= 0.000E+00
 Outputting array of size= 128,  2048,  4
 Outputting array of size= 128,  2048,  4
 Temps CPU (s.)     :  11.444903
 Temps elapsed (s.) :  3.8762965202331543
 Provided mpi thread support level:  1
 Reading: test_5.nml                                                                      
 Testno:  11
 HYDRO_MPI.INIT_MPI || I am rank  11  of  32 and I communicate with 7,  15,  10,  -1
 Starting time integration, nx =  128  ny =  2048
step=     0 t= 0.000E+00 dt= 0.000E+00
 Outputting array of size= 128,  2048,  4
 Outputting array of size= 128,  2048,  4
 Temps CPU (s.)     :  11.436425
 Temps elapsed (s.) :  3.901796817779541
 Provided mpi thread support level:  1
 Reading: test_5.nml                                                                      
 Testno:  11
 HYDRO_MPI.INIT_MPI || I am rank  13  of  32 and I communicate with 9,  17,  12,  14
 Starting time integration, nx =  128  ny =  2048
step=     0 t= 0.000E+00 dt= 0.000E+00
 Outputting array of size= 128,  2048,  4
 Outputting array of size= 128,  2048,  4
 Temps CPU (s.)     :  11.760699000000001
 Temps elapsed (s.) :  3.9020230770111084
 Provided mpi thread support level:  1
 Reading: test_5.nml                                                                      
 Testno:  11
 HYDRO_MPI.INIT_MPI || I am rank  0  of  32 and I communicate with -1,  4,  -1,  1
 Starting time integration, nx =  128  ny =  2048
step=     0 t= 0.000E+00 dt= 0.000E+00
 Outputting array of size= 128,  2048,  4
 Outputting array of size= 128,  2048,  4
 Temps CPU (s.)     :  11.25933
 Temps elapsed (s.) :  3.8633592128753662
 Provided mpi thread support level:  1
 Reading: test_5.nml                                                                      
 Testno:  11
 HYDRO_MPI.INIT_MPI || I am rank  23  of  32 and I communicate with 19,  27,  22,  -1
 Starting time integration, nx =  128  ny =  2048
step=     0 t= 0.000E+00 dt= 0.000E+00
 Outputting array of size= 128,  2048,  4
 Outputting array of size= 128,  2048,  4
 Temps CPU (s.)     :  11.604099
 Temps elapsed (s.) :  3.8993792533874512
 Provided mpi thread support level:  1
 Reading: test_5.nml                                                                      
 Testno:  11
 HYDRO_MPI.INIT_MPI || I am rank  18  of  32 and I communicate with 14,  22,  17,  19
 Starting time integration, nx =  128  ny =  2048
step=     0 t= 0.000E+00 dt= 0.000E+00
 Outputting array of size= 128,  2048,  4
 Outputting array of size= 128,  2048,  4
 Temps CPU (s.)     :  11.550616
 Temps elapsed (s.) :  3.899590015411377
 Provided mpi thread support level:  1
 Reading: test_5.nml                                                                      
 Testno:  11
 HYDRO_MPI.INIT_MPI || I am rank  30  of  32 and I communicate with 26,  -1,  29,  31
 Starting time integration, nx =  128  ny =  2048
step=     0 t= 0.000E+00 dt= 0.000E+00
 Outputting array of size= 128,  2048,  4
 Outputting array of size= 128,  2048,  4
 Temps CPU (s.)     :  11.615716000000001
 Temps elapsed (s.) :  3.9011962413787842
 Provided mpi thread support level:  1
 Reading: test_5.nml                                                                      
 Testno:  11
 HYDRO_MPI.INIT_MPI || I am rank  27  of  32 and I communicate with 23,  31,  26,  -1
 Starting time integration, nx =  128  ny =  2048
step=     0 t= 0.000E+00 dt= 0.000E+00
 Outputting array of size= 128,  2048,  4
 Outputting array of size= 128,  2048,  4
 Temps CPU (s.)     :  11.392575999999998
 Temps elapsed (s.) :  3.9005568027496338
 Provided mpi thread support level:  1
 Reading: test_5.nml                                                                      
 Testno:  11
 HYDRO_MPI.INIT_MPI || I am rank  15  of  32 and I communicate with 11,  19,  14,  -1
 Starting time integration, nx =  128  ny =  2048
step=     0 t= 0.000E+00 dt= 0.000E+00
 Outputting array of size= 128,  2048,  4
 Outputting array of size= 128,  2048,  4
 Temps CPU (s.)     :  11.840589
 Temps elapsed (s.) :  3.9018514156341553
 Provided mpi thread support level:  1
 Reading: test_5.nml                                                                      
 Testno:  11
 HYDRO_MPI.INIT_MPI || I am rank  9  of  32 and I communicate with 5,  13,  8,  10
 Starting time integration, nx =  128  ny =  2048
step=     0 t= 0.000E+00 dt= 0.000E+00
 Outputting array of size= 128,  2048,  4
 Outputting array of size= 128,  2048,  4
 Temps CPU (s.)     :  12.459458000000001
 Temps elapsed (s.) :  3.9023270606994629
 Provided mpi thread support level:  1
 Reading: test_5.nml                                                                      
 Testno:  11
 HYDRO_MPI.INIT_MPI || I am rank  24  of  32 and I communicate with 20,  28,  -1,  25
 Starting time integration, nx =  128  ny =  2048
step=     0 t= 0.000E+00 dt= 0.000E+00
 Outputting array of size= 128,  2048,  4
 Outputting array of size= 128,  2048,  4
 Temps CPU (s.)     :  11.047007000000001
 Temps elapsed (s.) :  3.9003775119781494
 Provided mpi thread support level:  1
 Reading: test_5.nml                                                                      
 Testno:  11
 HYDRO_MPI.INIT_MPI || I am rank  22  of  32 and I communicate with 18,  26,  21,  23
 Starting time integration, nx =  128  ny =  2048
step=     0 t= 0.000E+00 dt= 0.000E+00
 Outputting array of size= 128,  2048,  4
 Outputting array of size= 128,  2048,  4
 Temps CPU (s.)     :  11.737563
 Temps elapsed (s.) :  3.8976404666900635
 Provided mpi thread support level:  1
 Reading: test_5.nml                                                                      
 Testno:  11
 HYDRO_MPI.INIT_MPI || I am rank  21  of  32 and I communicate with 17,  25,  20,  22
 Starting time integration, nx =  128  ny =  2048
step=     0 t= 0.000E+00 dt= 0.000E+00
 Outputting array of size= 128,  2048,  4
 Outputting array of size= 128,  2048,  4
 Temps CPU (s.)     :  11.190485000000001
 Temps elapsed (s.) :  3.8734502792358398
 Provided mpi thread support level:  1
 Reading: test_5.nml                                                                      
 Testno:  11
 HYDRO_MPI.INIT_MPI || I am rank  14  of  32 and I communicate with 10,  18,  13,  15
 Starting time integration, nx =  128  ny =  2048
step=     0 t= 0.000E+00 dt= 0.000E+00
 Outputting array of size= 128,  2048,  4
 Outputting array of size= 128,  2048,  4
 Temps CPU (s.)     :  12.259593000000001
 Temps elapsed (s.) :  3.8667747974395752
 Provided mpi thread support level:  1
 Reading: test_5.nml                                                                      
 Testno:  11
 HYDRO_MPI.INIT_MPI || I am rank  31  of  32 and I communicate with 27,  -1,  30,  -1
 Starting time integration, nx =  128  ny =  2048
step=     0 t= 0.000E+00 dt= 0.000E+00
 Outputting array of size= 128,  2048,  4
 Outputting array of size= 128,  2048,  4
 Temps CPU (s.)     :  12.763671
 Temps elapsed (s.) :  3.8888049125671387
 Provided mpi thread support level:  1
 Reading: test_5.nml                                                                      
 Testno:  11
 HYDRO_MPI.INIT_MPI || I am rank  8  of  32 and I communicate with 4,  12,  -1,  9
 Starting time integration, nx =  128  ny =  2048
step=     0 t= 0.000E+00 dt= 0.000E+00
 Outputting array of size= 128,  2048,  4
 Outputting array of size= 128,  2048,  4
 Temps CPU (s.)     :  11.457319
 Temps elapsed (s.) :  3.8932654857635498
 Provided mpi thread support level:  1
 Reading: test_5.nml                                                                      
 Testno:  11
 HYDRO_MPI.INIT_MPI || I am rank  26  of  32 and I communicate with 22,  30,  25,  27
 Starting time integration, nx =  128  ny =  2048
step=     0 t= 0.000E+00 dt= 0.000E+00
 Outputting array of size= 128,  2048,  4
 Outputting array of size= 128,  2048,  4
 Temps CPU (s.)     :  12.066921000000001
 Temps elapsed (s.) :  3.8998472690582275
 Provided mpi thread support level:  1
 Reading: test_5.nml                                                                      
 Testno:  11
 HYDRO_MPI.INIT_MPI || I am rank  17  of  32 and I communicate with 13,  21,  16,  18
 Starting time integration, nx =  128  ny =  2048
step=     0 t= 0.000E+00 dt= 0.000E+00
 Outputting array of size= 128,  2048,  4
 Outputting array of size= 128,  2048,  4
 Temps CPU (s.)     :  11.731067999999999
 Temps elapsed (s.) :  3.9003386497497559
 Provided mpi thread support level:  1
 Reading: test_5.nml                                                                      
 Testno:  11
 HYDRO_MPI.INIT_MPI || I am rank  25  of  32 and I communicate with 21,  29,  24,  26
 Starting time integration, nx =  128  ny =  2048
step=     0 t= 0.000E+00 dt= 0.000E+00
 Outputting array of size= 128,  2048,  4
 Outputting array of size= 128,  2048,  4
 Temps CPU (s.)     :  11.63795
 Temps elapsed (s.) :  3.899301290512085
 Provided mpi thread support level:  1
 Reading: test_5.nml                                                                      
 Testno:  11
 HYDRO_MPI.INIT_MPI || I am rank  4  of  32 and I communicate with 0,  8,  -1,  5
 Starting time integration, nx =  128  ny =  2048
step=     0 t= 0.000E+00 dt= 0.000E+00
 Outputting array of size= 128,  2048,  4
 Outputting array of size= 128,  2048,  4
 Temps CPU (s.)     :  11.209435000000001
 Temps elapsed (s.) :  3.9013054370880127
 Provided mpi thread support level:  1
 Reading: test_5.nml                                                                      
 Testno:  11
 HYDRO_MPI.INIT_MPI || I am rank  1  of  32 and I communicate with -1,  5,  0,  2
 Starting time integration, nx =  128  ny =  2048
step=     0 t= 0.000E+00 dt= 0.000E+00
 Outputting array of size= 128,  2048,  4
 Outputting array of size= 128,  2048,  4
 Temps CPU (s.)     :  11.207809000000001
 Temps elapsed (s.) :  3.9012744426727295
 Provided mpi thread support level:  1
 Reading: test_5.nml                                                                      
 Testno:  11
 HYDRO_MPI.INIT_MPI || I am rank  28  of  32 and I communicate with 24,  2*-1,  29
 Starting time integration, nx =  128  ny =  2048
step=     0 t= 0.000E+00 dt= 0.000E+00
 Outputting array of size= 128,  2048,  4
 Outputting array of size= 128,  2048,  4
 Temps CPU (s.)     :  12.42863
 Temps elapsed (s.) :  3.9020464420318604
 Provided mpi thread support level:  1
 Reading: test_5.nml                                                                      
 Testno:  11
 HYDRO_MPI.INIT_MPI || I am rank  2  of  32 and I communicate with -1,  6,  1,  3
 Starting time integration, nx =  128  ny =  2048
step=     0 t= 0.000E+00 dt= 0.000E+00
 Outputting array of size= 128,  2048,  4
 Outputting array of size= 128,  2048,  4
 Temps CPU (s.)     :  12.010249
 Temps elapsed (s.) :  3.8944509029388428
 Provided mpi thread support level:  1
 Reading: test_5.nml                                                                      
 Testno:  11
 HYDRO_MPI.INIT_MPI || I am rank  20  of  32 and I communicate with 16,  24,  -1,  21
 Starting time integration, nx =  128  ny =  2048
step=     0 t= 0.000E+00 dt= 0.000E+00
 Outputting array of size= 128,  2048,  4
 Outputting array of size= 128,  2048,  4
 Temps CPU (s.)     :  11.34205
 Temps elapsed (s.) :  3.899036169052124
 Provided mpi thread support level:  1
 Reading: test_5.nml                                                                      
 Testno:  11
 HYDRO_MPI.INIT_MPI || I am rank  10  of  32 and I communicate with 6,  14,  9,  11
 Starting time integration, nx =  128  ny =  2048
step=     0 t= 0.000E+00 dt= 0.000E+00
 Outputting array of size= 128,  2048,  4
 Outputting array of size= 128,  2048,  4
 Temps CPU (s.)     :  11.527539000000001
 Temps elapsed (s.) :  3.9021477699279785
 Provided mpi thread support level:  1
 Reading: test_5.nml                                                                      
 Testno:  11
 HYDRO_MPI.INIT_MPI || I am rank  7  of  32 and I communicate with 3,  11,  6,  -1
 Starting time integration, nx =  128  ny =  2048
step=     0 t= 0.000E+00 dt= 0.000E+00
 Outputting array of size= 128,  2048,  4
 Outputting array of size= 128,  2048,  4
 Temps CPU (s.)     :  11.446614
 Temps elapsed (s.) :  3.901313304901123
