 Provided mpi thread support level:  1
 Reading: test_3.nml                                                                      
 Testno:  9
 HYDRO_MPI.INIT_MPI || I am rank  0  of  8 and I communicate with -1,  2,  -1,  1
 Starting time integration, nx =  256  ny =  1024
step=     0 t= 0.000E+00 dt= 0.000E+00
 Outputting array of size= 256,  1024,  4
 Outputting array of size= 256,  1024,  4
 Temps CPU (s.)     :  1.8578190000000001
 Temps elapsed (s.) :  0.28903412818908691
 Provided mpi thread support level:  1
 Reading: test_3.nml                                                                      
 Testno:  9
 HYDRO_MPI.INIT_MPI || I am rank  6  of  8 and I communicate with 4,  2*-1,  7
 Starting time integration, nx =  256  ny =  1024
step=     0 t= 0.000E+00 dt= 0.000E+00
 Outputting array of size= 256,  1024,  4
 Outputting array of size= 256,  1024,  4
 Temps CPU (s.)     :  2.7931330000000001
 Temps elapsed (s.) :  0.29460206627845764
 Provided mpi thread support level:  1
 Reading: test_3.nml                                                                      
 Testno:  9
 HYDRO_MPI.INIT_MPI || I am rank  5  of  8 and I communicate with 3,  7,  4,  -1
 Starting time integration, nx =  256  ny =  1024
step=     0 t= 0.000E+00 dt= 0.000E+00
 Outputting array of size= 256,  1024,  4
 Outputting array of size= 256,  1024,  4
 Temps CPU (s.)     :  1.6220129999999999
 Temps elapsed (s.) :  0.29072633385658264
 Provided mpi thread support level:  1
 Reading: test_3.nml                                                                      
 Testno:  9
 HYDRO_MPI.INIT_MPI || I am rank  2  of  8 and I communicate with 0,  4,  -1,  3
 Starting time integration, nx =  256  ny =  1024
step=     0 t= 0.000E+00 dt= 0.000E+00
 Outputting array of size= 256,  1024,  4
 Outputting array of size= 256,  1024,  4
 Temps CPU (s.)     :  1.976218
 Temps elapsed (s.) :  0.29658281803131104
 Provided mpi thread support level:  1
 Reading: test_3.nml                                                                      
 Testno:  9
 HYDRO_MPI.INIT_MPI || I am rank  4  of  8 and I communicate with 2,  6,  -1,  5
 Starting time integration, nx =  256  ny =  1024
step=     0 t= 0.000E+00 dt= 0.000E+00
 Outputting array of size= 256,  1024,  4
 Outputting array of size= 256,  1024,  4
 Temps CPU (s.)     :  1.925381
 Temps elapsed (s.) :  0.29969432950019836
 Provided mpi thread support level:  1
 Reading: test_3.nml                                                                      
 Testno:  9
 HYDRO_MPI.INIT_MPI || I am rank  1  of  8 and I communicate with -1,  3,  0,  -1
 Starting time integration, nx =  256  ny =  1024
step=     0 t= 0.000E+00 dt= 0.000E+00
 Outputting array of size= 256,  1024,  4
 Outputting array of size= 256,  1024,  4
 Temps CPU (s.)     :  1.741293
 Temps elapsed (s.) :  0.29882091283798218
 Provided mpi thread support level:  1
 Reading: test_3.nml                                                                      
 Testno:  9
 HYDRO_MPI.INIT_MPI || I am rank  3  of  8 and I communicate with 1,  5,  2,  -1
 Starting time integration, nx =  256  ny =  1024
step=     0 t= 0.000E+00 dt= 0.000E+00
 Outputting array of size= 256,  1024,  4
 Outputting array of size= 256,  1024,  4
 Temps CPU (s.)     :  1.733714
 Temps elapsed (s.) :  0.29708969593048096
 Provided mpi thread support level:  1
 Reading: test_3.nml                                                                      
 Testno:  9
 HYDRO_MPI.INIT_MPI || I am rank  7  of  8 and I communicate with 5,  -1,  6,  -1
 Starting time integration, nx =  256  ny =  1024
step=     0 t= 0.000E+00 dt= 0.000E+00
 Outputting array of size= 256,  1024,  4
 Outputting array of size= 256,  1024,  4
 Temps CPU (s.)     :  1.687168
 Temps elapsed (s.) :  0.29717549681663513
