 Provided mpi thread support level:  1
 Reading: test.nml                                                                        
 Testno:  4
 HYDRO_MPI.INIT_MPI || I am rank  10  of  16 and I communicate with 6,  14,  9,  11
 Starting time integration, nx =  256  ny =  256
step=     0 t= 0.000E+00 dt= 0.000E+00
 Outputting array of size= 2*256,  4
 Outputting array of size= 2*256,  4
 Temps CPU (s.)     :  2.1209709999999999
 Temps elapsed (s.) :  0.37953272461891174
 Provided mpi thread support level:  1
 Reading: test.nml                                                                        
 Testno:  4
 HYDRO_MPI.INIT_MPI || I am rank  8  of  16 and I communicate with 4,  12,  -1,  9
 Starting time integration, nx =  256  ny =  256
step=     0 t= 0.000E+00 dt= 0.000E+00
 Outputting array of size= 2*256,  4
 Outputting array of size= 2*256,  4
 Temps CPU (s.)     :  2.330365
 Temps elapsed (s.) :  0.38127174973487854
 Provided mpi thread support level:  1
 Reading: test.nml                                                                        
 Testno:  4
 HYDRO_MPI.INIT_MPI || I am rank  4  of  16 and I communicate with 0,  8,  -1,  5
 Starting time integration, nx =  256  ny =  256
step=     0 t= 0.000E+00 dt= 0.000E+00
 Outputting array of size= 2*256,  4
 Outputting array of size= 2*256,  4
 Temps CPU (s.)     :  2.1592350000000002
 Temps elapsed (s.) :  0.38092082738876343
 Provided mpi thread support level:  1
 Reading: test.nml                                                                        
 Testno:  4
 HYDRO_MPI.INIT_MPI || I am rank  12  of  16 and I communicate with 8,  2*-1,  13
 Starting time integration, nx =  256  ny =  256
step=     0 t= 0.000E+00 dt= 0.000E+00
 Outputting array of size= 2*256,  4
 Outputting array of size= 2*256,  4
 Temps CPU (s.)     :  2.1772579999999997
 Temps elapsed (s.) :  0.38209056854248047
 Provided mpi thread support level:  1
 Reading: test.nml                                                                        
 Testno:  4
 HYDRO_MPI.INIT_MPI || I am rank  11  of  16 and I communicate with 7,  15,  10,  -1
 Starting time integration, nx =  256  ny =  256
step=     0 t= 0.000E+00 dt= 0.000E+00
 Outputting array of size= 2*256,  4
 Outputting array of size= 2*256,  4
 Temps CPU (s.)     :  2.3425850000000001
 Temps elapsed (s.) :  0.37706848978996277
 Provided mpi thread support level:  1
 Reading: test.nml                                                                        
 Testno:  4
 HYDRO_MPI.INIT_MPI || I am rank  15  of  16 and I communicate with 11,  -1,  14,  -1
 Starting time integration, nx =  256  ny =  256
step=     0 t= 0.000E+00 dt= 0.000E+00
 Outputting array of size= 2*256,  4
 Outputting array of size= 2*256,  4
 Temps CPU (s.)     :  2.5971489999999999
 Temps elapsed (s.) :  0.37363725900650024
 Provided mpi thread support level:  1
 Reading: test.nml                                                                        
 Testno:  4
 HYDRO_MPI.INIT_MPI || I am rank  9  of  16 and I communicate with 5,  13,  8,  10
 Starting time integration, nx =  256  ny =  256
step=     0 t= 0.000E+00 dt= 0.000E+00
 Outputting array of size= 2*256,  4
 Outputting array of size= 2*256,  4
 Temps CPU (s.)     :  2.5434899999999998
 Temps elapsed (s.) :  0.38374379277229309
 Provided mpi thread support level:  1
 Reading: test.nml                                                                        
 Testno:  4
 HYDRO_MPI.INIT_MPI || I am rank  13  of  16 and I communicate with 9,  -1,  12,  14
 Starting time integration, nx =  256  ny =  256
step=     0 t= 0.000E+00 dt= 0.000E+00
 Outputting array of size= 2*256,  4
 Outputting array of size= 2*256,  4
 Temps CPU (s.)     :  2.2162989999999998
 Temps elapsed (s.) :  0.38113918900489807
 Provided mpi thread support level:  1
 Reading: test.nml                                                                        
 Testno:  4
 HYDRO_MPI.INIT_MPI || I am rank  3  of  16 and I communicate with -1,  7,  2,  -1
 Starting time integration, nx =  256  ny =  256
step=     0 t= 0.000E+00 dt= 0.000E+00
 Outputting array of size= 2*256,  4
 Outputting array of size= 2*256,  4
 Temps CPU (s.)     :  2.3558479999999999
 Temps elapsed (s.) :  0.38208276033401489
 Provided mpi thread support level:  1
 Reading: test.nml                                                                        
 Testno:  4
 HYDRO_MPI.INIT_MPI || I am rank  6  of  16 and I communicate with 2,  10,  5,  7
 Starting time integration, nx =  256  ny =  256
step=     0 t= 0.000E+00 dt= 0.000E+00
 Outputting array of size= 2*256,  4
 Outputting array of size= 2*256,  4
 Temps CPU (s.)     :  2.4129329999999998
 Temps elapsed (s.) :  0.38347086310386658
 Provided mpi thread support level:  1
 Reading: test.nml                                                                        
 Testno:  4
 HYDRO_MPI.INIT_MPI || I am rank  1  of  16 and I communicate with -1,  5,  0,  2
 Starting time integration, nx =  256  ny =  256
step=     0 t= 0.000E+00 dt= 0.000E+00
 Outputting array of size= 2*256,  4
 Outputting array of size= 2*256,  4
 Temps CPU (s.)     :  2.7758700000000003
 Temps elapsed (s.) :  0.38217633962631226
 Provided mpi thread support level:  1
 Reading: test.nml                                                                        
 Testno:  4
 HYDRO_MPI.INIT_MPI || I am rank  5  of  16 and I communicate with 1,  9,  4,  6
 Starting time integration, nx =  256  ny =  256
step=     0 t= 0.000E+00 dt= 0.000E+00
 Outputting array of size= 2*256,  4
 Outputting array of size= 2*256,  4
 Temps CPU (s.)     :  2.1990379999999998
 Temps elapsed (s.) :  0.36722710728645325
 Provided mpi thread support level:  1
 Reading: test.nml                                                                        
 Testno:  4
 HYDRO_MPI.INIT_MPI || I am rank  0  of  16 and I communicate with -1,  4,  -1,  1
 Starting time integration, nx =  256  ny =  256
step=     0 t= 0.000E+00 dt= 0.000E+00
 Outputting array of size= 2*256,  4
 Outputting array of size= 2*256,  4
 Temps CPU (s.)     :  2.3547849999999997
 Temps elapsed (s.) :  0.3676014244556427
 Provided mpi thread support level:  1
 Reading: test.nml                                                                        
 Testno:  4
 HYDRO_MPI.INIT_MPI || I am rank  7  of  16 and I communicate with 3,  11,  6,  -1
 Starting time integration, nx =  256  ny =  256
step=     0 t= 0.000E+00 dt= 0.000E+00
 Outputting array of size= 2*256,  4
 Outputting array of size= 2*256,  4
 Temps CPU (s.)     :  2.1733029999999998
 Temps elapsed (s.) :  0.37975108623504639
 Provided mpi thread support level:  1
 Reading: test.nml                                                                        
 Testno:  4
 HYDRO_MPI.INIT_MPI || I am rank  2  of  16 and I communicate with -1,  6,  1,  3
 Starting time integration, nx =  256  ny =  256
step=     0 t= 0.000E+00 dt= 0.000E+00
 Outputting array of size= 2*256,  4
 Outputting array of size= 2*256,  4
 Temps CPU (s.)     :  2.5053709999999998
 Temps elapsed (s.) :  0.38145110011100769
 Provided mpi thread support level:  1
 Reading: test.nml                                                                        
 Testno:  4
 HYDRO_MPI.INIT_MPI || I am rank  14  of  16 and I communicate with 10,  -1,  13,  15
 Starting time integration, nx =  256  ny =  256
step=     0 t= 0.000E+00 dt= 0.000E+00
 Outputting array of size= 2*256,  4
 Outputting array of size= 2*256,  4
 Temps CPU (s.)     :  2.3449759999999999
 Temps elapsed (s.) :  0.36359313130378723
