 Provided mpi thread support level:  1
 Reading: test.nml                                                                        
 Testno:  2
 HYDRO_MPI.INIT_MPI || I am rank  3  of  4 and I communicate with 1,  -1,  2,  -1
 Starting time integration, nx =  512  ny =  512
step=     0 t= 0.000E+00 dt= 0.000E+00
 Outputting array of size= 2*512,  4
 Outputting array of size= 2*512,  4
 Temps CPU (s.)     :  1.6533459999999998
 Temps elapsed (s.) :  0.1771761029958725
 Provided mpi thread support level:  1
 Reading: test.nml                                                                        
 Testno:  2
 HYDRO_MPI.INIT_MPI || I am rank  0  of  4 and I communicate with -1,  2,  -1,  1
 Starting time integration, nx =  512  ny =  512
step=     0 t= 0.000E+00 dt= 0.000E+00
 Outputting array of size= 2*512,  4
 Outputting array of size= 2*512,  4
 Temps CPU (s.)     :  1.8463930000000002
 Temps elapsed (s.) :  0.17493800818920135
 Provided mpi thread support level:  1
 Reading: test.nml                                                                        
 Testno:  2
 HYDRO_MPI.INIT_MPI || I am rank  2  of  4 and I communicate with 0,  2*-1,  3
 Starting time integration, nx =  512  ny =  512
step=     0 t= 0.000E+00 dt= 0.000E+00
 Outputting array of size= 2*512,  4
 Outputting array of size= 2*512,  4
 Temps CPU (s.)     :  1.5660509999999999
 Temps elapsed (s.) :  0.1779247373342514
 Provided mpi thread support level:  1
 Reading: test.nml                                                                        
 Testno:  2
 HYDRO_MPI.INIT_MPI || I am rank  1  of  4 and I communicate with -1,  3,  0,  -1
 Starting time integration, nx =  512  ny =  512
step=     0 t= 0.000E+00 dt= 0.000E+00
 Outputting array of size= 2*512,  4
 Outputting array of size= 2*512,  4
 Temps CPU (s.)     :  1.6090949999999999
 Temps elapsed (s.) :  0.17829124629497528
