 Provided mpi thread support level:  1
 Reading: test_2.nml                                                                      
 Testno:  8
 HYDRO_MPI.INIT_MPI || I am rank  1  of  4 and I communicate with -1,  3,  0,  -1
 Starting time integration, nx =  512  ny =  512
step=     0 t= 0.000E+00 dt= 0.000E+00
 Outputting array of size= 2*512,  4
 Outputting array of size= 2*512,  4
 Temps CPU (s.)     :  7.7222739999999988
 Temps elapsed (s.) :  0.52455669641494751
 Provided mpi thread support level:  1
 Reading: test_2.nml                                                                      
 Testno:  8
 HYDRO_MPI.INIT_MPI || I am rank  3  of  4 and I communicate with 1,  -1,  2,  -1
 Starting time integration, nx =  512  ny =  512
step=     0 t= 0.000E+00 dt= 0.000E+00
 Outputting array of size= 2*512,  4
 Outputting array of size= 2*512,  4
 Temps CPU (s.)     :  7.7477179999999999
 Temps elapsed (s.) :  0.52304381132125854
 Provided mpi thread support level:  1
 Reading: test_2.nml                                                                      
 Testno:  8
 HYDRO_MPI.INIT_MPI || I am rank  2  of  4 and I communicate with 0,  2*-1,  3
 Starting time integration, nx =  512  ny =  512
step=     0 t= 0.000E+00 dt= 0.000E+00
 Outputting array of size= 2*512,  4
 Outputting array of size= 2*512,  4
 Temps CPU (s.)     :  7.7288489999999994
 Temps elapsed (s.) :  0.52251356840133667
 Provided mpi thread support level:  1
 Reading: test_2.nml                                                                      
 Testno:  8
 HYDRO_MPI.INIT_MPI || I am rank  0  of  4 and I communicate with -1,  2,  -1,  1
 Starting time integration, nx =  512  ny =  512
step=     0 t= 0.000E+00 dt= 0.000E+00
 Outputting array of size= 2*512,  4
 Outputting array of size= 2*512,  4
 Temps CPU (s.)     :  7.7182659999999998
 Temps elapsed (s.) :  0.53010904788970947
