 Provided mpi thread support level:  1
 Reading: test.nml                                                                        
 Testno:  1
 HYDRO_MPI.INIT_MPI || I am rank  0  of  2 and I communicate with -1,  1,  2*-1
 Starting time integration, nx =  512  ny =  1024
step=     0 t= 0.000E+00 dt= 0.000E+00
 Outputting array of size= 512,  1024,  4
 Outputting array of size= 512,  1024,  4
 Temps CPU (s.)     :  14.799737
 Temps elapsed (s.) :  0.78619557619094849
 Provided mpi thread support level:  1
 Reading: test.nml                                                                        
 Testno:  1
 HYDRO_MPI.INIT_MPI || I am rank  1  of  2 and I communicate with 0,  3*-1
 Starting time integration, nx =  512  ny =  1024
step=     0 t= 0.000E+00 dt= 0.000E+00
 Outputting array of size= 512,  1024,  4
 Outputting array of size= 512,  1024,  4
 Temps CPU (s.)     :  14.863941000000001
 Temps elapsed (s.) :  0.78969699144363403
