 Provided mpi thread support level:  1
 Reading: test.nml                                                                        
 Testno:  2
 HYDRO_MPI.INIT_MPI || I am rank  2  of  4 and I communicate with 0,  2*-1,  3
 Starting time integration, nx =  512  ny =  512
step=     0 t= 0.000E+00 dt= 0.000E+00
 Outputting array of size= 2*512,  4
 Outputting array of size= 2*512,  4
 Temps CPU (s.)     :  7.5125570000000002
 Temps elapsed (s.) :  0.50722897052764893
 Provided mpi thread support level:  1
 Reading: test.nml                                                                        
 Testno:  2
 HYDRO_MPI.INIT_MPI || I am rank  1  of  4 and I communicate with -1,  3,  0,  -1
 Starting time integration, nx =  512  ny =  512
step=     0 t= 0.000E+00 dt= 0.000E+00
 Outputting array of size= 2*512,  4
 Outputting array of size= 2*512,  4
 Temps CPU (s.)     :  7.8117479999999997
 Temps elapsed (s.) :  0.50665968656539917
 Provided mpi thread support level:  1
 Reading: test.nml                                                                        
 Testno:  2
 HYDRO_MPI.INIT_MPI || I am rank  0  of  4 and I communicate with -1,  2,  -1,  1
 Starting time integration, nx =  512  ny =  512
step=     0 t= 0.000E+00 dt= 0.000E+00
 Outputting array of size= 2*512,  4
 Outputting array of size= 2*512,  4
 Temps CPU (s.)     :  7.5383800000000001
 Temps elapsed (s.) :  0.50613725185394287
 Provided mpi thread support level:  1
 Reading: test.nml                                                                        
 Testno:  2
 HYDRO_MPI.INIT_MPI || I am rank  3  of  4 and I communicate with 1,  -1,  2,  -1
 Starting time integration, nx =  512  ny =  512
step=     0 t= 0.000E+00 dt= 0.000E+00
 Outputting array of size= 2*512,  4
 Outputting array of size= 2*512,  4
 Temps CPU (s.)     :  7.6327020000000001
 Temps elapsed (s.) :  0.50722897052764893
