 Provided mpi thread support level:  1
 Reading: test_1.nml                                                                      
 Testno:  7
 HYDRO_MPI.INIT_MPI || I am rank  1  of  2 and I communicate with 0,  3*-1
 Starting time integration, nx =  512  ny =  512
step=     0 t= 0.000E+00 dt= 0.000E+00
 Outputting array of size= 2*512,  4
 Outputting array of size= 2*512,  4
 Temps CPU (s.)     :  1.8210169999999999
 Temps elapsed (s.) :  0.16968978941440582
 Provided mpi thread support level:  1
 Reading: test_1.nml                                                                      
 Testno:  7
 HYDRO_MPI.INIT_MPI || I am rank  0  of  2 and I communicate with -1,  1,  2*-1
 Starting time integration, nx =  512  ny =  512
step=     0 t= 0.000E+00 dt= 0.000E+00
 Outputting array of size= 2*512,  4
 Outputting array of size= 2*512,  4
 Temps CPU (s.)     :  1.7132839999999998
 Temps elapsed (s.) :  0.17900869250297546
