 Provided mpi thread support level:  1
 HYDRO_MPI.INIT_MPI || I am rank  3  of  4 and I communicate with 1,  -1,  2,  -1
 Starting time integration, nx =  64  ny =  512
step=     0 t= 0.000E+00 dt= 0.000E+00
 Outputting array of size= 64,  512,  4
 Outputting array of size= 64,  512,  4
 Temps CPU (s.)     :  0.26898999999999995
 Temps elapsed (s.) :  0.14000967144966125
 Provided mpi thread support level:  1
 HYDRO_MPI.INIT_MPI || I am rank  0  of  4 and I communicate with -1,  2,  -1,  1
 Starting time integration, nx =  64  ny =  512
step=     0 t= 0.000E+00 dt= 0.000E+00
 Outputting array of size= 64,  512,  4
 Outputting array of size= 64,  512,  4
 Temps CPU (s.)     :  0.43623399999999996
 Temps elapsed (s.) :  0.14218538999557495
 Provided mpi thread support level:  1
 HYDRO_MPI.INIT_MPI || I am rank  1  of  4 and I communicate with -1,  3,  0,  -1
 Starting time integration, nx =  64  ny =  512
step=     0 t= 0.000E+00 dt= 0.000E+00
 Outputting array of size= 64,  512,  4
 Outputting array of size= 64,  512,  4
 Temps CPU (s.)     :  0.74632699999999996
 Temps elapsed (s.) :  0.14166289567947388
 Provided mpi thread support level:  1
 HYDRO_MPI.INIT_MPI || I am rank  2  of  4 and I communicate with 0,  2*-1,  3
 Starting time integration, nx =  64  ny =  512
step=     0 t= 0.000E+00 dt= 0.000E+00
 Outputting array of size= 64,  512,  4
 Outputting array of size= 64,  512,  4
 Temps CPU (s.)     :  0.37481399999999998
 Temps elapsed (s.) :  0.13986150920391083
