 Provided mpi thread support level:  1
 Reading: test.nml                                                                        
 Testno:  3
 HYDRO_MPI.INIT_MPI || I am rank  1  of  8 and I communicate with -1,  3,  0,  -1
 Starting time integration, nx =  256  ny =  512
step=     0 t= 0.000E+00 dt= 0.000E+00
 Outputting array of size= 256,  512,  4
 Outputting array of size= 256,  512,  4
 Temps CPU (s.)     :  4.0488529999999994
 Temps elapsed (s.) :  0.46951666474342346
 Provided mpi thread support level:  1
 Reading: test.nml                                                                        
 Testno:  3
 HYDRO_MPI.INIT_MPI || I am rank  7  of  8 and I communicate with 5,  -1,  6,  -1
 Starting time integration, nx =  256  ny =  512
step=     0 t= 0.000E+00 dt= 0.000E+00
 Outputting array of size= 256,  512,  4
 Outputting array of size= 256,  512,  4
 Temps CPU (s.)     :  4.3028469999999999
 Temps elapsed (s.) :  0.46145328879356384
 Provided mpi thread support level:  1
 Reading: test.nml                                                                        
 Testno:  3
 HYDRO_MPI.INIT_MPI || I am rank  0  of  8 and I communicate with -1,  2,  -1,  1
 Starting time integration, nx =  256  ny =  512
step=     0 t= 0.000E+00 dt= 0.000E+00
 Outputting array of size= 256,  512,  4
 Outputting array of size= 256,  512,  4
 Temps CPU (s.)     :  4.6527539999999998
 Temps elapsed (s.) :  0.45851334929466248
 Provided mpi thread support level:  1
 Reading: test.nml                                                                        
 Testno:  3
 HYDRO_MPI.INIT_MPI || I am rank  6  of  8 and I communicate with 4,  2*-1,  7
 Starting time integration, nx =  256  ny =  512
step=     0 t= 0.000E+00 dt= 0.000E+00
 Outputting array of size= 256,  512,  4
 Outputting array of size= 256,  512,  4
 Temps CPU (s.)     :  4.9208460000000001
 Temps elapsed (s.) :  0.46506386995315552
 Provided mpi thread support level:  1
 Reading: test.nml                                                                        
 Testno:  3
 HYDRO_MPI.INIT_MPI || I am rank  4  of  8 and I communicate with 2,  6,  -1,  5
 Starting time integration, nx =  256  ny =  512
step=     0 t= 0.000E+00 dt= 0.000E+00
 Outputting array of size= 256,  512,  4
 Outputting array of size= 256,  512,  4
 Temps CPU (s.)     :  5.0363989999999994
 Temps elapsed (s.) :  0.46954786777496338
 Provided mpi thread support level:  1
 Reading: test.nml                                                                        
 Testno:  3
 HYDRO_MPI.INIT_MPI || I am rank  5  of  8 and I communicate with 3,  7,  4,  -1
 Starting time integration, nx =  256  ny =  512
step=     0 t= 0.000E+00 dt= 0.000E+00
 Outputting array of size= 256,  512,  4
 Outputting array of size= 256,  512,  4
 Temps CPU (s.)     :  4.0517659999999998
 Temps elapsed (s.) :  0.45799866318702698
 Provided mpi thread support level:  1
 Reading: test.nml                                                                        
 Testno:  3
 HYDRO_MPI.INIT_MPI || I am rank  2  of  8 and I communicate with 0,  4,  -1,  3
 Starting time integration, nx =  256  ny =  512
step=     0 t= 0.000E+00 dt= 0.000E+00
 Outputting array of size= 256,  512,  4
 Outputting array of size= 256,  512,  4
 Temps CPU (s.)     :  4.0803199999999995
 Temps elapsed (s.) :  0.46758270263671875
 Provided mpi thread support level:  1
 Reading: test.nml                                                                        
 Testno:  3
 HYDRO_MPI.INIT_MPI || I am rank  3  of  8 and I communicate with 1,  5,  2,  -1
 Starting time integration, nx =  256  ny =  512
step=     0 t= 0.000E+00 dt= 0.000E+00
 Outputting array of size= 256,  512,  4
 Outputting array of size= 256,  512,  4
 Temps CPU (s.)     :  3.7829680000000003
 Temps elapsed (s.) :  0.47383689880371094
