 Provided mpi thread support level:  1
 Reading: test_2.nml                                                                      
 Testno:  8
 HYDRO_MPI.INIT_MPI || I am rank  2  of  4 and I communicate with 0,  2*-1,  3
 Starting time integration, nx =  512  ny =  512
step=     0 t= 0.000E+00 dt= 0.000E+00
 Outputting array of size= 2*512,  4
 Outputting array of size= 2*512,  4
 Temps CPU (s.)     :  1.628987
 Temps elapsed (s.) :  0.22028480470180511
 Provided mpi thread support level:  1
 Reading: test_2.nml                                                                      
 Testno:  8
 HYDRO_MPI.INIT_MPI || I am rank  1  of  4 and I communicate with -1,  3,  0,  -1
 Starting time integration, nx =  512  ny =  512
step=     0 t= 0.000E+00 dt= 0.000E+00
 Outputting array of size= 2*512,  4
 Outputting array of size= 2*512,  4
 Temps CPU (s.)     :  2.5973130000000002
 Temps elapsed (s.) :  0.22175087034702301
 Provided mpi thread support level:  1
 Reading: test_2.nml                                                                      
 Testno:  8
 HYDRO_MPI.INIT_MPI || I am rank  0  of  4 and I communicate with -1,  2,  -1,  1
 Starting time integration, nx =  512  ny =  512
step=     0 t= 0.000E+00 dt= 0.000E+00
 Outputting array of size= 2*512,  4
 Outputting array of size= 2*512,  4
 Temps CPU (s.)     :  1.6235729999999999
 Temps elapsed (s.) :  0.22201600670814514
 Provided mpi thread support level:  1
 Reading: test_2.nml                                                                      
 Testno:  8
 HYDRO_MPI.INIT_MPI || I am rank  3  of  4 and I communicate with 1,  -1,  2,  -1
 Starting time integration, nx =  512  ny =  512
step=     0 t= 0.000E+00 dt= 0.000E+00
 Outputting array of size= 2*512,  4
 Outputting array of size= 2*512,  4
 Temps CPU (s.)     :  1.5912909999999998
 Temps elapsed (s.) :  0.21952056884765625
